<?xml version="1.0" encoding="UTF-8"?>
<!-- Generated by org.testng.reporters.JUnitReportReporter -->
<testsuite hostname="DESKTOP-SQVU6HQ" failures="0" tests="1" name="com.UrbanLadderCS.Runner.Tc001_SearchItem" time="29.338" errors="0" timestamp="2021-09-27T10:01:19 IST" skipped="0">
  <testcase classname="com.UrbanLadderCS.Runner.Tc001_SearchItem" name="Open1" time="29.338"/>
  <system-out/>
</testsuite> <!-- com.UrbanLadderCS.Runner.Tc001_SearchItem -->
