<?xml version="1.0" encoding="UTF-8"?>
<!-- Generated by org.testng.reporters.JUnitReportReporter -->
<testsuite hostname="DESKTOP-SQVU6HQ" failures="0" tests="11" name="com.UrbanLadder.Runner.AllTestCasesRunner" time="291.079" errors="0" timestamp="2021-09-26T10:17:32 IST" skipped="0">
  <testcase classname="com.UrbanLadder.Runner.AllTestCasesRunner" name="Open1" time="25.146"/>
  <system-out/>
  <testcase classname="com.UrbanLadder.Runner.AllTestCasesRunner" name="Open2" time="23.103"/>
  <system-out/>
  <testcase classname="com.UrbanLadder.Runner.AllTestCasesRunner" name="Open5" time="26.813"/>
  <system-out/>
  <testcase classname="com.UrbanLadder.Runner.AllTestCasesRunner" name="Open3" time="23.346"/>
  <system-out/>
  <testcase classname="com.UrbanLadder.Runner.AllTestCasesRunner" name="Open6" time="22.751"/>
  <system-out/>
  <testcase classname="com.UrbanLadder.Runner.AllTestCasesRunner" name="Open4" time="28.396"/>
  <system-out/>
  <testcase classname="com.UrbanLadder.Runner.AllTestCasesRunner" name="Open7" time="29.862"/>
  <system-out/>
  <testcase classname="com.UrbanLadder.Runner.AllTestCasesRunner" name="Open9" time="23.770"/>
  <system-out/>
  <testcase classname="com.UrbanLadder.Runner.AllTestCasesRunner" name="Open9" time="23.285"/>
  <system-out/>
  <testcase classname="com.UrbanLadder.Runner.AllTestCasesRunner" name="Open8" time="36.379"/>
  <system-out/>
  <testcase classname="com.UrbanLadder.Runner.AllTestCasesRunner" name="Open10" time="28.228"/>
  <system-out/>
</testsuite> <!-- com.UrbanLadder.Runner.AllTestCasesRunner -->
